D:\DEVELOPPEMENT\REGARDS\LIB\ZLIB.LIB
D:\DEVELOPPEMENT\REGARDS\OTHERLIB\LIBPNG\MSVC\WIN32\ZLIB\LIB\ADLER32.OBJ
D:\DEVELOPPEMENT\REGARDS\OTHERLIB\LIBPNG\MSVC\WIN32\ZLIB\LIB\COMPRESS.OBJ
D:\DEVELOPPEMENT\REGARDS\OTHERLIB\LIBPNG\MSVC\WIN32\ZLIB\LIB\CRC32.OBJ
D:\DEVELOPPEMENT\REGARDS\OTHERLIB\LIBPNG\MSVC\WIN32\ZLIB\LIB\DEFLATE.OBJ
D:\DEVELOPPEMENT\REGARDS\OTHERLIB\LIBPNG\MSVC\WIN32\ZLIB\LIB\GZIO.OBJ
D:\DEVELOPPEMENT\REGARDS\OTHERLIB\LIBPNG\MSVC\WIN32\ZLIB\LIB\INFBLOCK.OBJ
D:\DEVELOPPEMENT\REGARDS\OTHERLIB\LIBPNG\MSVC\WIN32\ZLIB\LIB\INFCODES.OBJ
D:\DEVELOPPEMENT\REGARDS\OTHERLIB\LIBPNG\MSVC\WIN32\ZLIB\LIB\INFFAST.OBJ
D:\DEVELOPPEMENT\REGARDS\OTHERLIB\LIBPNG\MSVC\WIN32\ZLIB\LIB\INFLATE.OBJ
D:\DEVELOPPEMENT\REGARDS\OTHERLIB\LIBPNG\MSVC\WIN32\ZLIB\LIB\INFTREES.OBJ
D:\DEVELOPPEMENT\REGARDS\OTHERLIB\LIBPNG\MSVC\WIN32\ZLIB\LIB\INFUTIL.OBJ
D:\DEVELOPPEMENT\REGARDS\OTHERLIB\LIBPNG\MSVC\WIN32\ZLIB\LIB\TREES.OBJ
D:\DEVELOPPEMENT\REGARDS\OTHERLIB\LIBPNG\MSVC\WIN32\ZLIB\LIB\UNCOMPR.OBJ
D:\DEVELOPPEMENT\REGARDS\OTHERLIB\LIBPNG\MSVC\WIN32\ZLIB\LIB\ZLIB.PCHI
D:\DEVELOPPEMENT\REGARDS\OTHERLIB\LIBPNG\MSVC\WIN32\ZLIB\LIB\ZUTIL.OBJ
D:\DEVELOPPEMENT\REGARDSV1\REGARDS\LIB\ZLIB.LIB
D:\DEVELOPPEMENT\REGARDSV1\REGARDS\OTHERLIB\LIBPNG\MSVC\WIN32\ZLIB\LIB\ADLER32.OBJ
D:\DEVELOPPEMENT\REGARDSV1\REGARDS\OTHERLIB\LIBPNG\MSVC\WIN32\ZLIB\LIB\COMPRESS.OBJ
D:\DEVELOPPEMENT\REGARDSV1\REGARDS\OTHERLIB\LIBPNG\MSVC\WIN32\ZLIB\LIB\CRC32.OBJ
D:\DEVELOPPEMENT\REGARDSV1\REGARDS\OTHERLIB\LIBPNG\MSVC\WIN32\ZLIB\LIB\DEFLATE.OBJ
D:\DEVELOPPEMENT\REGARDSV1\REGARDS\OTHERLIB\LIBPNG\MSVC\WIN32\ZLIB\LIB\GZIO.OBJ
D:\developpement\regardsv1\regards\otherlib\libpng\msvc\win32\zlib\lib\icl.command.1.tlog
D:\developpement\regardsv1\regards\otherlib\libpng\msvc\win32\zlib\lib\icl.read.1.tlog
D:\developpement\regardsv1\regards\otherlib\libpng\msvc\win32\zlib\lib\icl.write.1.tlog
D:\developpement\regardsv1\regards\otherlib\libpng\msvc\win32\zlib\lib\icl-mcpcom.read.1.tlog
D:\developpement\regardsv1\regards\otherlib\libpng\msvc\win32\zlib\lib\icl-mcpcom.write.1.tlog
D:\DEVELOPPEMENT\REGARDSV1\REGARDS\OTHERLIB\LIBPNG\MSVC\WIN32\ZLIB\LIB\INFBLOCK.OBJ
D:\DEVELOPPEMENT\REGARDSV1\REGARDS\OTHERLIB\LIBPNG\MSVC\WIN32\ZLIB\LIB\INFCODES.OBJ
D:\DEVELOPPEMENT\REGARDSV1\REGARDS\OTHERLIB\LIBPNG\MSVC\WIN32\ZLIB\LIB\INFFAST.OBJ
D:\DEVELOPPEMENT\REGARDSV1\REGARDS\OTHERLIB\LIBPNG\MSVC\WIN32\ZLIB\LIB\INFLATE.OBJ
D:\DEVELOPPEMENT\REGARDSV1\REGARDS\OTHERLIB\LIBPNG\MSVC\WIN32\ZLIB\LIB\INFTREES.OBJ
D:\DEVELOPPEMENT\REGARDSV1\REGARDS\OTHERLIB\LIBPNG\MSVC\WIN32\ZLIB\LIB\INFUTIL.OBJ
D:\DEVELOPPEMENT\REGARDSV1\REGARDS\OTHERLIB\LIBPNG\MSVC\WIN32\ZLIB\LIB\TREES.OBJ
D:\DEVELOPPEMENT\REGARDSV1\REGARDS\OTHERLIB\LIBPNG\MSVC\WIN32\ZLIB\LIB\UNCOMPR.OBJ
D:\developpement\regardsv1\regards\otherlib\libpng\msvc\win32\zlib\lib\xilib.command.1.tlog
D:\developpement\regardsv1\regards\otherlib\libpng\msvc\win32\zlib\lib\xilib-xilink.read.1.tlog
D:\developpement\regardsv1\regards\otherlib\libpng\msvc\win32\zlib\lib\xilib-xilink.write.1.tlog
D:\developpement\regardsv1\regards\otherlib\libpng\msvc\win32\zlib\lib\xilib-xilink-lib-link.read.1.tlog
D:\developpement\regardsv1\regards\otherlib\libpng\msvc\win32\zlib\lib\xilib-xilink-lib-link.write.1.tlog
D:\developpement\regardsv1\regards\otherlib\libpng\msvc\win32\zlib\lib\xilib-xilink-mcpcom.3980.read.1.tlog
D:\developpement\regardsv1\regards\otherlib\libpng\msvc\win32\zlib\lib\xilib-xilink-mcpcom.3980.write.1.tlog
D:\developpement\regardsv1\regards\otherlib\libpng\msvc\win32\zlib\lib\xilib-xilink-mcpcom.4836.read.1.tlog
D:\developpement\regardsv1\regards\otherlib\libpng\msvc\win32\zlib\lib\xilib-xilink-mcpcom.4836.write.1.tlog
D:\developpement\regardsv1\regards\otherlib\libpng\msvc\win32\zlib\lib\xilib-xilink-mcpcom.5248.read.1.tlog
D:\developpement\regardsv1\regards\otherlib\libpng\msvc\win32\zlib\lib\xilib-xilink-mcpcom.5248.write.1.tlog
D:\developpement\regardsv1\regards\otherlib\libpng\msvc\win32\zlib\lib\xilib-xilink-mcpcom.5256.read.1.tlog
D:\developpement\regardsv1\regards\otherlib\libpng\msvc\win32\zlib\lib\xilib-xilink-mcpcom.5256.write.1.tlog
D:\developpement\regardsv1\regards\otherlib\libpng\msvc\win32\zlib\lib\xilib-xilink-mcpcom.5816.read.1.tlog
D:\developpement\regardsv1\regards\otherlib\libpng\msvc\win32\zlib\lib\xilib-xilink-mcpcom.5816.write.1.tlog
D:\developpement\regardsv1\regards\otherlib\libpng\msvc\win32\zlib\lib\xilib-xilink-mcpcom.6252.read.1.tlog
D:\developpement\regardsv1\regards\otherlib\libpng\msvc\win32\zlib\lib\xilib-xilink-mcpcom.6252.write.1.tlog
D:\developpement\regardsv1\regards\otherlib\libpng\msvc\win32\zlib\lib\xilib-xilink-mcpcom.6372.read.1.tlog
D:\developpement\regardsv1\regards\otherlib\libpng\msvc\win32\zlib\lib\xilib-xilink-mcpcom.6372.write.1.tlog
D:\developpement\regardsv1\regards\otherlib\libpng\msvc\win32\zlib\lib\xilib-xilink-mcpcom.6428.read.1.tlog
D:\developpement\regardsv1\regards\otherlib\libpng\msvc\win32\zlib\lib\xilib-xilink-mcpcom.6428.write.1.tlog
D:\developpement\regardsv1\regards\otherlib\libpng\msvc\win32\zlib\lib\xilib-xilink-mcpcom.6460.read.1.tlog
D:\developpement\regardsv1\regards\otherlib\libpng\msvc\win32\zlib\lib\xilib-xilink-mcpcom.6460.write.1.tlog
D:\developpement\regardsv1\regards\otherlib\libpng\msvc\win32\zlib\lib\xilib-xilink-mcpcom.6644.read.1.tlog
D:\developpement\regardsv1\regards\otherlib\libpng\msvc\win32\zlib\lib\xilib-xilink-mcpcom.6644.write.1.tlog
D:\developpement\regardsv1\regards\otherlib\libpng\msvc\win32\zlib\lib\xilib-xilink-mcpcom.6776.read.1.tlog
D:\developpement\regardsv1\regards\otherlib\libpng\msvc\win32\zlib\lib\xilib-xilink-mcpcom.6776.write.1.tlog
D:\developpement\regardsv1\regards\otherlib\libpng\msvc\win32\zlib\lib\xilib-xilink-mcpcom.7052.read.1.tlog
D:\developpement\regardsv1\regards\otherlib\libpng\msvc\win32\zlib\lib\xilib-xilink-mcpcom.7052.write.1.tlog
D:\developpement\regardsv1\regards\otherlib\libpng\msvc\win32\zlib\lib\xilib-xilink-mcpcom.7120.read.1.tlog
D:\developpement\regardsv1\regards\otherlib\libpng\msvc\win32\zlib\lib\xilib-xilink-mcpcom.7120.write.1.tlog
D:\developpement\regardsv1\regards\otherlib\libpng\msvc\win32\zlib\lib\xilib-xilink-mcpcom.read.1.tlog
D:\developpement\regardsv1\regards\otherlib\libpng\msvc\win32\zlib\lib\xilib-xilink-mcpcom.write.1.tlog
D:\DEVELOPPEMENT\REGARDSV1\REGARDS\OTHERLIB\LIBPNG\MSVC\WIN32\ZLIB\LIB\ZLIB.PCHI
D:\developpement\regardsv1\regards\otherlib\libpng\msvc\win32\zlib\lib\zlib.write.1.tlog
D:\DEVELOPPEMENT\REGARDSV1\REGARDS\OTHERLIB\LIBPNG\MSVC\WIN32\ZLIB\LIB\ZUTIL.OBJ
