D:\DEVELOPPEMENT\REGARDS\LIB\LIBPNG.LIB
D:\DEVELOPPEMENT\REGARDS\OTHERLIB\LIBPNG\MSVC\WIN32\LIBPNG\LIB\LIBPNG.PCHI
D:\DEVELOPPEMENT\REGARDS\OTHERLIB\LIBPNG\MSVC\WIN32\LIBPNG\LIB\PNG.OBJ
D:\DEVELOPPEMENT\REGARDS\OTHERLIB\LIBPNG\MSVC\WIN32\LIBPNG\LIB\PNGERROR.OBJ
D:\DEVELOPPEMENT\REGARDS\OTHERLIB\LIBPNG\MSVC\WIN32\LIBPNG\LIB\PNGGET.OBJ
D:\DEVELOPPEMENT\REGARDS\OTHERLIB\LIBPNG\MSVC\WIN32\LIBPNG\LIB\PNGMEM.OBJ
D:\DEVELOPPEMENT\REGARDS\OTHERLIB\LIBPNG\MSVC\WIN32\LIBPNG\LIB\PNGPREAD.OBJ
D:\DEVELOPPEMENT\REGARDS\OTHERLIB\LIBPNG\MSVC\WIN32\LIBPNG\LIB\PNGREAD.OBJ
D:\DEVELOPPEMENT\REGARDS\OTHERLIB\LIBPNG\MSVC\WIN32\LIBPNG\LIB\PNGRIO.OBJ
D:\DEVELOPPEMENT\REGARDS\OTHERLIB\LIBPNG\MSVC\WIN32\LIBPNG\LIB\PNGRTRAN.OBJ
D:\DEVELOPPEMENT\REGARDS\OTHERLIB\LIBPNG\MSVC\WIN32\LIBPNG\LIB\PNGRUTIL.OBJ
D:\DEVELOPPEMENT\REGARDS\OTHERLIB\LIBPNG\MSVC\WIN32\LIBPNG\LIB\PNGSET.OBJ
D:\DEVELOPPEMENT\REGARDS\OTHERLIB\LIBPNG\MSVC\WIN32\LIBPNG\LIB\PNGTRANS.OBJ
D:\DEVELOPPEMENT\REGARDS\OTHERLIB\LIBPNG\MSVC\WIN32\LIBPNG\LIB\PNGWIO.OBJ
D:\DEVELOPPEMENT\REGARDS\OTHERLIB\LIBPNG\MSVC\WIN32\LIBPNG\LIB\PNGWRITE.OBJ
D:\DEVELOPPEMENT\REGARDS\OTHERLIB\LIBPNG\MSVC\WIN32\LIBPNG\LIB\PNGWTRAN.OBJ
D:\DEVELOPPEMENT\REGARDS\OTHERLIB\LIBPNG\MSVC\WIN32\LIBPNG\LIB\PNGWUTIL.OBJ
D:\DEVELOPPEMENT\REGARDS\OTHERLIB\LIBPNG\MSVC\WIN32\LIBPNG\LIB\VC100.PDB
D:\DEVELOPPEMENT\REGARDSV1\REGARDS\LIB\LIBPNG.LIB
D:\developpement\regardsv1\regards\otherlib\libpng\msvc\win32\libpng\lib\icl.command.1.tlog
D:\developpement\regardsv1\regards\otherlib\libpng\msvc\win32\libpng\lib\icl.read.1.tlog
D:\developpement\regardsv1\regards\otherlib\libpng\msvc\win32\libpng\lib\icl.write.1.tlog
D:\developpement\regardsv1\regards\otherlib\libpng\msvc\win32\libpng\lib\icl-mcpcom.read.1.tlog
D:\developpement\regardsv1\regards\otherlib\libpng\msvc\win32\libpng\lib\icl-mcpcom.write.1.tlog
D:\DEVELOPPEMENT\REGARDSV1\REGARDS\OTHERLIB\LIBPNG\MSVC\WIN32\LIBPNG\LIB\LIBPNG.PCHI
D:\developpement\regardsv1\regards\otherlib\libpng\msvc\win32\libpng\lib\libpng.write.1.tlog
D:\DEVELOPPEMENT\REGARDSV1\REGARDS\OTHERLIB\LIBPNG\MSVC\WIN32\LIBPNG\LIB\PNG.OBJ
D:\DEVELOPPEMENT\REGARDSV1\REGARDS\OTHERLIB\LIBPNG\MSVC\WIN32\LIBPNG\LIB\PNGERROR.OBJ
D:\DEVELOPPEMENT\REGARDSV1\REGARDS\OTHERLIB\LIBPNG\MSVC\WIN32\LIBPNG\LIB\PNGGET.OBJ
D:\DEVELOPPEMENT\REGARDSV1\REGARDS\OTHERLIB\LIBPNG\MSVC\WIN32\LIBPNG\LIB\PNGMEM.OBJ
D:\DEVELOPPEMENT\REGARDSV1\REGARDS\OTHERLIB\LIBPNG\MSVC\WIN32\LIBPNG\LIB\PNGPREAD.OBJ
D:\DEVELOPPEMENT\REGARDSV1\REGARDS\OTHERLIB\LIBPNG\MSVC\WIN32\LIBPNG\LIB\PNGREAD.OBJ
D:\DEVELOPPEMENT\REGARDSV1\REGARDS\OTHERLIB\LIBPNG\MSVC\WIN32\LIBPNG\LIB\PNGRIO.OBJ
D:\DEVELOPPEMENT\REGARDSV1\REGARDS\OTHERLIB\LIBPNG\MSVC\WIN32\LIBPNG\LIB\PNGRTRAN.OBJ
D:\DEVELOPPEMENT\REGARDSV1\REGARDS\OTHERLIB\LIBPNG\MSVC\WIN32\LIBPNG\LIB\PNGRUTIL.OBJ
D:\DEVELOPPEMENT\REGARDSV1\REGARDS\OTHERLIB\LIBPNG\MSVC\WIN32\LIBPNG\LIB\PNGSET.OBJ
D:\DEVELOPPEMENT\REGARDSV1\REGARDS\OTHERLIB\LIBPNG\MSVC\WIN32\LIBPNG\LIB\PNGTRANS.OBJ
D:\DEVELOPPEMENT\REGARDSV1\REGARDS\OTHERLIB\LIBPNG\MSVC\WIN32\LIBPNG\LIB\PNGWIO.OBJ
D:\DEVELOPPEMENT\REGARDSV1\REGARDS\OTHERLIB\LIBPNG\MSVC\WIN32\LIBPNG\LIB\PNGWRITE.OBJ
D:\DEVELOPPEMENT\REGARDSV1\REGARDS\OTHERLIB\LIBPNG\MSVC\WIN32\LIBPNG\LIB\PNGWTRAN.OBJ
D:\DEVELOPPEMENT\REGARDSV1\REGARDS\OTHERLIB\LIBPNG\MSVC\WIN32\LIBPNG\LIB\PNGWUTIL.OBJ
D:\DEVELOPPEMENT\REGARDSV1\REGARDS\OTHERLIB\LIBPNG\MSVC\WIN32\LIBPNG\LIB\VC100.PDB
D:\developpement\regardsv1\regards\otherlib\libpng\msvc\win32\libpng\lib\xilib.command.1.tlog
D:\developpement\regardsv1\regards\otherlib\libpng\msvc\win32\libpng\lib\xilib-xilink.read.1.tlog
D:\developpement\regardsv1\regards\otherlib\libpng\msvc\win32\libpng\lib\xilib-xilink.write.1.tlog
D:\developpement\regardsv1\regards\otherlib\libpng\msvc\win32\libpng\lib\xilib-xilink-lib-link.read.1.tlog
D:\developpement\regardsv1\regards\otherlib\libpng\msvc\win32\libpng\lib\xilib-xilink-lib-link.write.1.tlog
